<?xml version="1.0" encoding="UTF-8"?>
<!-- Generated by org.testng.reporters.JUnitXMLReporter -->
<testsuite ignored="0" hostname="LAPTOP-NJ20DN1T" failures="0" tests="3" name="FirefoxTest" time="2.526" errors="0" timestamp="10 Mar 2022 10:43:26 GMT">
  <testcase classname="test.VerifyTab" name="@BeforeTest launchBrowser" time="2.506">
    <failure type="org.openqa.selenium.WebDriverException" message="Process unexpectedly closed with status 0
Build info: version: &amp;apos;3.141.59&amp;apos;, revision: &amp;apos;e82be7d358&amp;apos;, time: &amp;apos;2018-11-14T08:17:03&amp;apos;
System info: host: &amp;apos;LAPTOP-NJ20DN1T&amp;apos;, ip: &amp;apos;192.168.137.1&amp;apos;, os.name: &amp;apos;Windows 10&amp;apos;, os.arch: &amp;apos;amd64&amp;apos;, os.version: &amp;apos;10.0&amp;apos;, java.version: &amp;apos;17.0.1&amp;apos;
Driver info: driver.version: FirefoxDriver
remote stacktrace: ">
      <![CDATA[org.openqa.selenium.WebDriverException: Process unexpectedly closed with status 0
Build info: version: '3.141.59', revision: 'e82be7d358', time: '2018-11-14T08:17:03'
System info: host: 'LAPTOP-NJ20DN1T', ip: '192.168.137.1', os.name: 'Windows 10', os.arch: 'amd64', os.version: '10.0', java.version: '17.0.1'
Driver info: driver.version: FirefoxDriver
remote stacktrace: 
at org.openqa.selenium.remote.W3CHandshakeResponse.lambda$errorHandler$0(W3CHandshakeResponse.java:62)
at org.openqa.selenium.remote.HandshakeResponse.lambda$getResponseFunction$0(HandshakeResponse.java:30)
at org.openqa.selenium.remote.ProtocolHandshake.lambda$createSession$0(ProtocolHandshake.java:126)
at java.base/java.util.stream.ReferencePipeline$3$1.accept(ReferencePipeline.java:197)
at java.base/java.util.Spliterators$ArraySpliterator.tryAdvance(Spliterators.java:1002)
at java.base/java.util.stream.ReferencePipeline.forEachWithCancel(ReferencePipeline.java:129)
at java.base/java.util.stream.AbstractPipeline.copyIntoWithCancel(AbstractPipeline.java:527)
at java.base/java.util.stream.AbstractPipeline.copyInto(AbstractPipeline.java:513)
at java.base/java.util.stream.AbstractPipeline.wrapAndCopyInto(AbstractPipeline.java:499)
at java.base/java.util.stream.FindOps$FindOp.evaluateSequential(FindOps.java:150)
at java.base/java.util.stream.AbstractPipeline.evaluate(AbstractPipeline.java:234)
at java.base/java.util.stream.ReferencePipeline.findFirst(ReferencePipeline.java:647)
at org.openqa.selenium.remote.ProtocolHandshake.createSession(ProtocolHandshake.java:128)
at org.openqa.selenium.remote.ProtocolHandshake.createSession(ProtocolHandshake.java:74)
at org.openqa.selenium.remote.HttpCommandExecutor.execute(HttpCommandExecutor.java:136)
at org.openqa.selenium.remote.service.DriverCommandExecutor.execute(DriverCommandExecutor.java:83)
at org.openqa.selenium.remote.RemoteWebDriver.execute(RemoteWebDriver.java:552)
at org.openqa.selenium.remote.RemoteWebDriver.startSession(RemoteWebDriver.java:213)
at org.openqa.selenium.remote.RemoteWebDriver.<init>(RemoteWebDriver.java:131)
at org.openqa.selenium.firefox.FirefoxDriver.<init>(FirefoxDriver.java:147)
at org.openqa.selenium.firefox.FirefoxDriver.<init>(FirefoxDriver.java:125)
at base.Browser.launchFirefoxBrowser(Browser.java:19)
at test.VerifyTab.launchBrowser(VerifyTab.java:59)
... Removed 29 stack frames]]>
    </failure>
  </testcase> <!-- @BeforeTest launchBrowser -->
  <testcase classname="test.VerifyTab" name="@BeforeClass createObjectOfPOMClass" time="0.0">
    <skipped/>
  </testcase> <!-- @BeforeClass createObjectOfPOMClass -->
  <testcase classname="test.VerifyTab" name="@BeforeMethod loginToApplication" time="0.0">
    <skipped/>
  </testcase> <!-- @BeforeMethod loginToApplication -->
  <testcase classname="test.VerifyTab" name="@AfterMethod logOut" time="0.0">
    <skipped/>
  </testcase> <!-- @AfterMethod logOut -->
  <testcase classname="test.VerifyTab" name="@BeforeMethod loginToApplication" time="0.0">
    <skipped/>
  </testcase> <!-- @BeforeMethod loginToApplication -->
  <testcase classname="test.VerifyTab" name="@AfterMethod logOut" time="0.0">
    <skipped/>
  </testcase> <!-- @AfterMethod logOut -->
  <testcase classname="test.VerifyTab" name="@BeforeMethod loginToApplication" time="0.0">
    <skipped/>
  </testcase> <!-- @BeforeMethod loginToApplication -->
  <testcase classname="test.VerifyTab" name="@AfterMethod logOut" time="0.0">
    <skipped/>
  </testcase> <!-- @AfterMethod logOut -->
  <testcase classname="test.VerifyTab" name="@AfterClass clearPOMObject" time="0.0">
    <skipped/>
  </testcase> <!-- @AfterClass clearPOMObject -->
  <testcase classname="test.VerifyTab" name="@AfterTest closeBrowser" time="0.0">
    <skipped/>
  </testcase> <!-- @AfterTest closeBrowser -->
  <testcase classname="test.VerifyTab" name="timeTrack" time="0.0">
    <skipped/>
  </testcase> <!-- timeTrack -->
  <testcase classname="test.VerifyTab" name="users" time="0.0">
    <skipped/>
  </testcase> <!-- users -->
  <testcase classname="test.VerifyTab" name="reports" time="0.0">
    <skipped/>
  </testcase> <!-- reports -->
</testsuite> <!-- FirefoxTest -->
